<?xml version="1.0" encoding="UTF-8"?>
<testsuite xmlns:xsi="http://www.w3.org/2001/XMLSchema-instance" xsi:noNamespaceSchemaLocation="https://maven.apache.org/surefire/maven-surefire-plugin/xsd/surefire-test-report.xsd" version="3.0.2" name="com.example.librarydb.entity.BookMappingTest" time="0.02" tests="1" errors="1" skipped="0" failures="0">
  <properties>
[...]
</properties>
  <testcase name="testPersistAndFindBook" classname="com.example.librarydb.entity.BookMappingTest" time="0.01">
    <error message="Attempt to obtain a connection from a closed EntityManagerFactory" type="[ObjectDB 2.9.3] javax.persistence.PersistenceException&#10;Attempt to obtain a connection from a closed EntityManagerFactory (error 511)&#10;	at com.objectdb.jpa.EMF.createEntityManager(EMF.java"><![CDATA[[ObjectDB 2.9.3] javax.persistence.PersistenceException
Attempt to obtain a connection from a closed EntityManagerFactory (error 511)
	at com.objectdb.jpa.EMF.createEntityManager(EMF.java:146)
	at com.example.librarydb.entity.BookMappingTest.testPersistAndFindBook(BookMappingTest.java:28)
	at java.base/java.lang.reflect.Method.invoke(Method.java:580)
	at java.base/java.util.ArrayList.forEach(ArrayList.java:1597)
	at java.base/java.util.ArrayList.forEach(ArrayList.java:1597)
Caused by: com.objectdb.o.UserException: Attempt to obtain a connection from a closed EntityManagerFactory
	at com.objectdb.o.MSG.a(MSG.java:64)
	at com.objectdb.o.OMF.x(OMF.java:706)
	at com.objectdb.jpa.EMF.createEntityManager(EMF.java:143)
	... 4 more
]]></error>
  </testcase>
</testsuite>